Arguments: 
  /home/viktor-oleh/.nvm/versions/node/v12.18.2/bin/node /usr/share/yarn/bin/yarn.js add express express-sesion

PATH: 
  /home/viktor-oleh/.nvm/versions/node/v12.18.2/bin:/usr/local/sbin:/usr/local/bin:/usr/sbin:/usr/bin:/sbin:/bin:/usr/games:/usr/local/games:/snap/bin

Yarn version: 
  1.22.4

Node version: 
  12.18.2

Platform: 
  linux x64

Trace: 
  Error: https://registry.yarnpkg.com/express-sesion: Not found
      at Request.params.callback [as _callback] (/usr/share/yarn/lib/cli.js:66987:18)
      at Request.self.callback (/usr/share/yarn/lib/cli.js:140748:22)
      at Request.emit (events.js:315:20)
      at Request.<anonymous> (/usr/share/yarn/lib/cli.js:141720:10)
      at Request.emit (events.js:315:20)
      at IncomingMessage.<anonymous> (/usr/share/yarn/lib/cli.js:141642:12)
      at Object.onceWrapper (events.js:421:28)
      at IncomingMessage.emit (events.js:327:22)
      at endReadableNT (_stream_readable.js:1221:12)
      at processTicksAndRejections (internal/process/task_queues.js:84:21)

npm manifest: 
  {
    "name": "car-shop-api",
    "version": "1.0.0",
    "description": "Test task for Chatbot.studio",
    "main": "index.js",
    "scripts": {
      "test": "echo \"Error: no test specified\" && exit 1"
    },
    "author": "syrytsiaviktor@gmail.com",
    "license": "ISC",
    "dependencies": {
      "typescript": "^4.0.3"
    }
  }

yarn manifest: 
  No manifest

Lockfile: 
  # THIS IS AN AUTOGENERATED FILE. DO NOT EDIT THIS FILE DIRECTLY.
  # yarn lockfile v1
  
  
  typescript@^4.0.3:
    version "4.0.3"
    resolved "https://registry.yarnpkg.com/typescript/-/typescript-4.0.3.tgz#153bbd468ef07725c1df9c77e8b453f8d36abba5"
    integrity sha512-tEu6DGxGgRJPb/mVPIZ48e69xCn2yRmCgYmDugAVwmJ6o+0u1RI18eO7E7WBTLYLaEVVOhwQmcdhQHweux/WPg==
